2018/12/9 14:35:40	PMC_EVENT_LOG_CLI	FUNCTION/FUNCTION_MODULE_CTC/OBJ_EventLogClient/Sequence	2015/09/28 16:56:26	<NEW>
2018/12/9 14:35:40	MFC_EVENT_CONTROL	FUNCTION/FUNCTION_MODULE_CTC/OBJ_MFC_Event/Sequence	2017/05/14 12:36:42	<NEW>
2018/12/9 14:35:40	PM_INT_MONITOR	FUNCTION/FUNCTION_INT_Monitor/Sequence	2015/11/19 17:54:46	<NEW>
2018/12/9 14:35:40	SCREEN_PARM_SAVE	Engine/Exec/GUI_Standard2	2007/12/01 00:00:00	<NEW>	"Gui Standard 4.81(2009.09.09)"
2018/12/9 14:35:40	SERV_MAIN	Engine/exec/MsgConverter	2007/12/01 00:00:00	<NEW>	"MessageConverter 3.4(2008.04.04)"
2018/12/9 14:35:40	GAS_CAL_CONTROL	FUNCTION/Function_MODULE_PMC/OBJ_Gas_Calibration/Sequence	2017/12/23 19:38:40	<NEW>
2018/12/9 14:35:40	CTRL_MONITOR	FUNCTION/FUNCTION_MODULE_PMC/OBJ_CtrlMonitor/Sequence	2018/11/09 12:54:46	<NEW>
2018/12/9 14:35:40	HB_CONTROL	FUNCTION/FUNCTION_MODULE_PMC/OBJ_HeartBeatCtrl/Sequence	2016/03/14 09:37:16	<NEW>
2018/12/9 14:35:40	PERSIST_IO_CONTROL	FUNCTION/FUNCTION_MODULE_PMC/OBJ_PersistIO/Sequence	2014/05/17 13:33:10	<NEW>
2018/12/9 14:35:40	IO_MONITOR	FUNCTION/FUNCTION_MODULE_PMC/OBJ_IOMonitor/Sequence	2013/06/19 18:50:32	<NEW>
2018/12/9 14:35:40	PLC_ALARM_MONITOR	FUNCTION/FUNCTION_MODULE_PMC/OBJ_PLCAlarmMonitor/Sequence	2017/12/23 19:49:16	<NEW>
2018/12/9 14:35:40	RECIPE_CONTROL	Engine/exec/RcpHandler	2007/12/01 00:00:00	<NEW>	"RecipeHandler 3.6(2006.04.14)"
2018/12/9 14:35:40	VACUUM_CONTROL	FUNCTION/FUNCTION_MODULE_PMC/OBJ_VACUUM/Sequence	2018/06/18 10:43:14	<NEW>
2018/12/9 14:35:40	ABORT_GAS	FUNCTION/FUNCTION_MODULE_PMC/OBJ_AbortGas/Sequence	2018/11/23 16:54:34	<NEW>
2018/12/9 14:35:40	PROCBGRUN_CONTROL	FUNCTION/FUNCTION_MODULE_PMC/OBJ_ProcBackgroundRun/Sequence	2015/08/05 18:36:16	<NEW>
2018/12/9 14:35:40	HTR_MONITOR	FUNCTION/FUNCTION_MODULE_PMC/OBJ_HeaterMonitor/Sequence	2018/06/17 11:26:48	<NEW>
2018/12/9 14:35:40	HTR_CONTROL	FUNCTION/FUNCTION_MODULE_PMC/OBJ_HeaterControl/Sequence	2014/09/27 10:10:16	<NEW>
2018/12/9 14:35:40	STGHTR_MONITOR	FUNCTION/FUNCTION_MODULE_PMC/OBJ_StgHtrMonitor/Sequence	2017/12/23 19:52:54	<NEW>
2018/12/9 14:35:40	STGHTR_MONITOR2	FUNCTION/FUNCTION_MODULE_PMC/OBJ_StgHtrMonitor/Sequence	2017/12/23 19:52:54	<NEW>
2018/12/9 14:35:40	STGHTR_CONTROL	FUNCTION/FUNCTION_MODULE_PMC/OBJ_StgHtrControl/Sequence	2015/02/08 11:53:42	<NEW>
2018/12/9 14:35:40	STGHTR_CONTROL2	FUNCTION/FUNCTION_MODULE_PMC/OBJ_StgHtrControl/Sequence	2015/02/08 11:53:42	<NEW>
2018/12/9 14:35:40	TIME_MONITOR	FUNCTION/FUNCTION_MODULE_PMC/OBJ_TimeMonitor/Sequence	2007/06/15 11:51:38	<NEW>
2018/12/9 14:35:40	ABORT_PROCESS_PMC	FUNCTION/FUNCTION_MODULE_PMC/OBJ_AbortProcess/Sequence	2007/06/15 11:51:38	<NEW>
2018/12/9 14:35:40	VALVE_CONTROL	FUNCTION/FUNCTION_MODULE_PMC/OBJ_ValveControl/Sequence	2017/12/23 19:42:48	<NEW>
2018/12/9 14:35:40	MFC_CONTROL	FUNCTION/FUNCTION_MODULE_PMC/OBJ_MFCControl/Sequence	2018/07/11 17:15:52	<NEW>
2018/12/9 14:35:40	RF_CONTROL	FUNCTION/FUNCTION_MODULE_PMC/OBJ_RFControl/Sequence	2016/10/26 12:25:54	<NEW>
2018/12/9 14:35:40	RF_CONTROL2	FUNCTION/FUNCTION_MODULE_PMC/OBJ_RFControl2/Sequence	2017/03/09 13:23:52	<NEW>
2018/12/9 14:35:40	RF_COUNT_MONITOR	FUNCTION/FUNCTION_MODULE_PMC/OBJ_RFCountMonitor/Sequence	2015/11/25 20:24:56	<NEW>
2018/12/9 14:35:40	REFILL_CONTROL	FUNCTION/FUNCTION_MODULE_PMC/OBJ_AutoRefill/Sequence	2018/06/17 15:09:42	<NEW>
2018/12/9 14:35:40	PRESS_CONTROL	FUNCTION/FUNCTION_MODULE_PMC/OBJ_Pressure_MKS/Sequence	2007/06/15 11:52:02	<NEW>
2018/12/9 14:35:40	PRS_CONTROL	FUNCTION/FUNCTION_MODULE_PMC/OBJ_PressureControl/Sequence	2017/12/23 19:50:06	<NEW>
2018/12/9 14:35:40	PRS_MONITOR	FUNCTION/FUNCTION_MODULE_PMC/OBJ_PressureMonitor/Sequence	2017/12/23 19:50:52	<NEW>
2018/12/9 14:35:40	HT_ExchgControl	FUNCTION/FUNCTION_MODULE_PMC/OBJ_HeatExchangerCon/Sequence	2014/05/17 15:09:58	<NEW>
2018/12/9 14:35:40	MFCPrsMonitor	FUNCTION/FUNCTION_MODULE_PMC/OBJ_MFCPrsMonitor/Sequence	2018/10/02 18:51:08	<NEW>
2018/12/9 14:35:40	ALDIOMon	FUNCTION/FUNCTION_MODULE_PMC/OBJ_ALDValveCnt/Sequence	2015/04/28 20:25:58	<NEW>
2018/12/9 14:35:40	LOTPRE_SKIP_TIMER	FUNCTION/FUNCTION_MODULE_PMC/OBJ_LotPreSkipTimer/Sequence	2014/11/03 19:03:12	<NEW>
2018/12/9 14:35:40	MFC_FLOWTEST	FUNCTION/Function_MODULE_PMC/OBJ_MFCFlowTest/Sequence	2018/06/24 16:36:20	<NEW>
2018/12/9 14:35:40	ALD_VLV_CTRL	FUNCTION/Function_MODULE_PMC/OBJ_ALDVlvControl/Sequence	2016/04/19 17:07:26	<NEW>
2018/12/9 14:35:40	RF_MAT_PARAM_MON	FUNCTION/Function_MODULE_PMC/OBJ_RF_MAT_ParamMon/Sequence	2016/08/16 18:54:28	<NEW>
2018/12/9 14:35:40	OBJ_Alarm_Clear	FUNCTION/Function_MODULE_PMC/OBJ_Alarm_Clear/Sequence	2016/03/09 17:19:32	<NEW>
2018/12/9 14:35:40	PM_SIMULATOR	FUNCTION/FUNCTION_MODULE_SIMULATOR/OBJ_PMSimulator/Sequence	2016/03/10 13:14:44	<NEW>
2018/12/9 14:35:40	READY	Engine/EXEC/MsgReplacer	2007/12/01 00:00:00	<NEW>	"MessageReplacer 3.41(2007.01.02)"
2018/12/9 14:35:40	END	Engine/EXEC/MsgReplacer	2007/12/01 00:00:00	<NEW>	"MessageReplacer 3.41(2007.01.02)"
2018/12/9 14:35:40	PREPARE_SEND	Engine/EXEC/MsgReplacer	2007/12/01 00:00:00	<NEW>	"MessageReplacer 3.41(2007.01.02)"
2018/12/9 14:35:40	POST_SEND	Engine/EXEC/MsgReplacer	2007/12/01 00:00:00	<NEW>	"MessageReplacer 3.41(2007.01.02)"
2018/12/9 14:35:40	PREPARE_RECV	Engine/EXEC/MsgReplacer	2007/12/01 00:00:00	<NEW>	"MessageReplacer 3.41(2007.01.02)"
2018/12/9 14:35:40	POST_RECV	Engine/EXEC/MsgReplacer	2007/12/01 00:00:00	<NEW>	"MessageReplacer 3.41(2007.01.02)"
2018/12/9 14:35:40	PREPARE_PICK	Engine/EXEC/MsgReplacer	2007/12/01 00:00:00	<NEW>	"MessageReplacer 3.41(2007.01.02)"
2018/12/9 14:35:40	WAFER_PICK	Engine/EXEC/MsgReplacer	2007/12/01 00:00:00	<NEW>	"MessageReplacer 3.41(2007.01.02)"
2018/12/9 14:35:40	PREPARE_PLACE	Engine/EXEC/MsgReplacer	2007/12/01 00:00:00	<NEW>	"MessageReplacer 3.41(2007.01.02)"
2018/12/9 14:35:40	WAFER_PLACE	Engine/EXEC/MsgReplacer	2007/12/01 00:00:00	<NEW>	"MessageReplacer 3.41(2007.01.02)"
2018/12/9 14:35:40	PROCESS_IN	FUNCTION/FUNCTION_MODULE_PMC/OBJ_Process/Sequence	2018/07/11 19:25:02	<NEW>
2018/12/9 14:35:40	PROCESS_OUT	FUNCTION/FUNCTION_MODULE_PMC/OBJ_Process/Sequence	2018/07/11 19:25:02	<NEW>
2018/12/9 14:35:40	M_PROCESS	FUNCTION/FUNCTION_MODULE_PMC/OBJ_Process/Sequence	2018/07/11 19:25:02	<NEW>
2018/12/9 14:35:40	PROCESS_LOG	Engine/EXEC/Datalog	2014/10/29 09:36:44	<NEW>	"Datalog for Scheduler 3.99(2014.10.28)"
2018/12/9 14:35:40	TMC_PM_ABORT_GAS	FUNCTION/FUNCTION_MODULE_PMC/OBJ_AbortGas/Sequence	2018/11/23 16:54:34	<NEW>
2019/1/16 15:38:20	==========	==========	==========	==========	==========
2019/1/16 15:38:20	PM_SIMULATOR	FUNCTION/FUNCTION_MODULE_SIMULATOR/OBJ_PMSimulator/Sequence	2016/03/10 13:14:44	<REMOVE>
2019/1/16 15:42:57	ALARM_MANAGER	Engine/Exec/GUI_AlarmManager	2007/12/01 00:00:00	<NEW>	"Gui Alarm Manager 4.6(2009.08.28)"
2019/1/16 15:42:57	ALARM_HISTORY	Engine/Exec/GUI_AlarmHistory	2007/12/01 00:00:00	<NEW>	"Gui Alarm History 3.95(2009.09.04)"
2019/1/16 15:42:57	IO_MANAGER	Function/Function_GUI/Gui_IOManager/GUI_IOManager	2015/01/27 20:18:14	<NEW>	"Gui IO Manager 3.6(2005.05.11)"
2019/1/16 15:42:57	SCREEN_MANAGER_STATUS	Engine/Exec/GUI_Screen_Status2	2007/12/01 00:00:00	<NEW>	"Gui Status(2) 4.81(2009.09.09)"
2019/1/16 15:42:57	SCREEN_USER_CONTROL	Engine/Exec/GUI_Screen_User_Control	2007/12/01 00:00:00	<NEW>	"Gui User Control 3.94(2009.08.01)"
2019/1/16 15:42:57	SCREEN_MANAGER_BOTTOM	Engine/Exec/GUI_Screen_Bottom	2007/12/01 00:00:00	<NEW>	"Gui Bottom 4.81(2009.09.09)"
2019/1/16 15:42:57	SCREEN_MANAGER_RIGHT	Engine/Exec/GUI_Screen_Right	2007/12/01 00:00:00	<NEW>	"Gui Right 4.81(2009.09.09)"
2019/1/16 15:42:57	SCREEN_CLEAR	Engine/Exec/Screen_Clear	2007/12/01 00:00:00	<NEW>	"Gui Clear Generate 3.1(2004.06.29)"
2019/1/16 15:42:57	SCREEN_PLOTTING_PMC	Engine/Exec/GUI_Plotter	2011/12/08 16:28:24	<NEW>	"Gui Plotter 4.4(2011.12.07)"
2019/1/16 15:42:57	SCREEN_PLOTTING_PMC1	Parameter/GUI_Plotter/GUI_Plotter	2008/08/27 14:12:12	<NEW>	"Gui Plotter 4.14(2005.07.19)"
2019/1/16 15:42:57	SCREEN_PLOTTING_PMC2	Parameter/GUI_Plotter/GUI_Plotter	2008/08/27 14:12:12	<NEW>	"Gui Plotter 4.14(2005.07.19)"
2019/1/16 15:42:57	SCREEN_PMC	Engine/Exec/GUI_Standard2	2007/12/01 00:00:00	<NEW>	"Gui Standard 4.81(2009.09.09)"
2019/1/16 15:42:57	SCREEN_PMC_2	Engine/Exec/GUI_Standard2	2007/12/01 00:00:00	<NEW>	"Gui Standard 4.81(2009.09.09)"
2019/1/16 15:42:57	ABORT_GAS	FUNCTION/FUNCTION_MODULE_PMC/OBJ_AbortGas/Sequence	2019/01/03 10:08:40	<UPDATE>
2019/1/16 15:42:57	MFC_CONTROL	FUNCTION/FUNCTION_MODULE_PMC/OBJ_MFCControl/Sequence	2019/01/16 15:33:18	<UPDATE>
2019/1/16 15:42:57	CHUCK_CONTROL	FUNCTION/FUNCTION_MODULE_PMC/OBJ_Chuck/Sequence	2016/04/05 15:29:10	<NEW>
2019/1/16 15:42:57	CHUCK_POS_UPDATE	FUNCTION/Function_MODULE_PMC/OBJ_Chuck_PosUpdate/Sequence	2014/04/30 19:05:16	<NEW>
2019/1/16 15:42:57	TMC_PM_ABORT_GAS	FUNCTION/FUNCTION_MODULE_PMC/OBJ_AbortGas/Sequence	2019/01/03 10:08:40	<UPDATE>
2019/1/17 17:6:6	==========	==========	==========	==========	==========
2019/1/17 17:6:6	CTRL_MONITOR	FUNCTION/FUNCTION_MODULE_PMC/OBJ_CtrlMonitor/Sequence	2019/01/17 15:18:57	<UPDATE>
2019/1/18 15:16:51	==========	==========	==========	==========	==========
2019/1/18 15:16:51	ALARM_MANAGER	Engine/Exec/GUI_AlarmManager	2007/12/01 00:00:00	<REMOVE>
2019/1/18 15:16:51	ALARM_HISTORY	Engine/Exec/GUI_AlarmHistory	2007/12/01 00:00:00	<REMOVE>
2019/1/18 15:16:51	IO_MANAGER	Function/Function_GUI/Gui_IOManager/GUI_IOManager	2015/01/27 20:18:14	<REMOVE>
2019/1/18 15:16:52	SCREEN_MANAGER_STATUS	Engine/Exec/GUI_Screen_Status2	2007/12/01 00:00:00	<REMOVE>
2019/1/18 15:17:1	SCREEN_USER_CONTROL	Engine/Exec/GUI_Screen_User_Control	2007/12/01 00:00:00	<REMOVE>
2019/1/18 15:17:1	SCREEN_MANAGER_BOTTOM	Engine/Exec/GUI_Screen_Bottom	2007/12/01 00:00:00	<REMOVE>
2019/1/18 15:17:1	SCREEN_MANAGER_RIGHT	Engine/Exec/GUI_Screen_Right	2007/12/01 00:00:00	<REMOVE>
2019/1/18 15:17:2	SCREEN_CLEAR	Engine/Exec/Screen_Clear	2007/12/01 00:00:00	<REMOVE>
2019/1/18 15:17:3	SCREEN_PLOTTING_PMC	Engine/Exec/GUI_Plotter	2011/12/08 16:28:24	<REMOVE>
2019/1/18 15:17:3	SCREEN_PLOTTING_PMC1	Parameter/GUI_Plotter/GUI_Plotter	2008/08/27 14:12:12	<REMOVE>
2019/1/18 15:17:9	SCREEN_PLOTTING_PMC2	Parameter/GUI_Plotter/GUI_Plotter	2008/08/27 14:12:12	<REMOVE>
2019/1/18 15:17:9	SCREEN_PMC	Engine/Exec/GUI_Standard2	2007/12/01 00:00:00	<REMOVE>
2019/1/18 15:17:9	SCREEN_PMC_2	Engine/Exec/GUI_Standard2	2007/12/01 00:00:00	<REMOVE>
2019/1/18 15:17:9	CHUCK_CONTROL	FUNCTION/FUNCTION_MODULE_PMC/OBJ_Chuck/Sequence	2016/04/05 15:29:10	<REMOVE>
2019/1/18 15:17:9	CHUCK_POS_UPDATE	FUNCTION/Function_MODULE_PMC/OBJ_Chuck_PosUpdate/Sequence	2014/04/30 19:05:16	<REMOVE>
2019/1/18 15:55:43	PM_SIMULATOR	FUNCTION/FUNCTION_MODULE_SIMULATOR/OBJ_PMSimulator/Sequence	2016/03/10 13:14:44	<NEW>
2019/1/30 12:35:15	==========	==========	==========	==========	==========
2019/1/30 12:35:15	PM_SIMULATOR	FUNCTION/FUNCTION_MODULE_SIMULATOR/OBJ_PMSimulator/Sequence	2016/03/10 13:14:44	<REMOVE>
2019/1/30 12:36:2	ALARM_MANAGER	Engine/Exec/GUI_AlarmManager	2007/12/01 00:00:00	<NEW>	"Gui Alarm Manager 4.6(2009.08.28)"
2019/1/30 12:36:2	ALARM_HISTORY	Engine/Exec/GUI_AlarmHistory	2007/12/01 00:00:00	<NEW>	"Gui Alarm History 3.95(2009.09.04)"
2019/1/30 12:36:2	IO_MANAGER	Function/Function_GUI/Gui_IOManager/GUI_IOManager	2015/01/27 20:18:14	<NEW>	"Gui IO Manager 3.6(2005.05.11)"
2019/1/30 12:36:2	SCREEN_MANAGER_STATUS	Engine/Exec/GUI_Screen_Status2	2007/12/01 00:00:00	<NEW>	"Gui Status(2) 4.81(2009.09.09)"
2019/1/30 12:36:2	SCREEN_USER_CONTROL	Engine/Exec/GUI_Screen_User_Control	2007/12/01 00:00:00	<NEW>	"Gui User Control 3.94(2009.08.01)"
2019/1/30 12:36:2	SCREEN_MANAGER_BOTTOM	Engine/Exec/GUI_Screen_Bottom	2007/12/01 00:00:00	<NEW>	"Gui Bottom 4.81(2009.09.09)"
2019/1/30 12:36:2	SCREEN_MANAGER_RIGHT	Engine/Exec/GUI_Screen_Right	2007/12/01 00:00:00	<NEW>	"Gui Right 4.81(2009.09.09)"
2019/1/30 12:36:2	SCREEN_CLEAR	Engine/Exec/Screen_Clear	2007/12/01 00:00:00	<NEW>	"Gui Clear Generate 3.1(2004.06.29)"
2019/1/30 12:36:2	SCREEN_PLOTTING_PMC	Engine/Exec/GUI_Plotter	2011/12/08 16:28:24	<NEW>	"Gui Plotter 4.4(2011.12.07)"
2019/1/30 12:36:2	SCREEN_PLOTTING_PMC1	Parameter/GUI_Plotter/GUI_Plotter	2008/08/27 14:12:12	<NEW>	"Gui Plotter 4.14(2005.07.19)"
2019/1/30 12:36:2	SCREEN_PLOTTING_PMC2	Parameter/GUI_Plotter/GUI_Plotter	2008/08/27 14:12:12	<NEW>	"Gui Plotter 4.14(2005.07.19)"
2019/1/30 12:36:2	SCREEN_PMC	Engine/Exec/GUI_Standard2	2007/12/01 00:00:00	<NEW>	"Gui Standard 4.81(2009.09.09)"
2019/1/30 12:36:2	SCREEN_PMC_2	Engine/Exec/GUI_Standard2	2007/12/01 00:00:00	<NEW>	"Gui Standard 4.81(2009.09.09)"
2019/1/30 12:36:2	CHUCK_CONTROL	FUNCTION/FUNCTION_MODULE_PMC/OBJ_Chuck/Sequence	2016/04/05 15:29:10	<NEW>
2019/1/30 12:36:2	CHUCK_POS_UPDATE	FUNCTION/Function_MODULE_PMC/OBJ_Chuck_PosUpdate/Sequence	2014/04/30 19:05:16	<NEW>
2019/1/30 12:36:15	==========	==========	==========	==========	==========
2019/1/30 12:36:15	ALARM_MANAGER	Engine/Exec/GUI_AlarmManager	2007/12/01 00:00:00	<REMOVE>
2019/1/30 12:36:15	ALARM_HISTORY	Engine/Exec/GUI_AlarmHistory	2007/12/01 00:00:00	<REMOVE>
2019/1/30 12:36:15	IO_MANAGER	Function/Function_GUI/Gui_IOManager/GUI_IOManager	2015/01/27 20:18:14	<REMOVE>
2019/1/30 12:36:15	SCREEN_MANAGER_STATUS	Engine/Exec/GUI_Screen_Status2	2007/12/01 00:00:00	<REMOVE>
2019/1/30 12:36:15	SCREEN_USER_CONTROL	Engine/Exec/GUI_Screen_User_Control	2007/12/01 00:00:00	<REMOVE>
2019/1/30 12:36:15	SCREEN_MANAGER_BOTTOM	Engine/Exec/GUI_Screen_Bottom	2007/12/01 00:00:00	<REMOVE>
2019/1/30 12:36:15	SCREEN_MANAGER_RIGHT	Engine/Exec/GUI_Screen_Right	2007/12/01 00:00:00	<REMOVE>
2019/1/30 12:36:15	SCREEN_CLEAR	Engine/Exec/Screen_Clear	2007/12/01 00:00:00	<REMOVE>
2019/1/30 12:36:15	SCREEN_PLOTTING_PMC	Engine/Exec/GUI_Plotter	2011/12/08 16:28:24	<REMOVE>
2019/1/30 12:36:15	SCREEN_PLOTTING_PMC1	Parameter/GUI_Plotter/GUI_Plotter	2008/08/27 14:12:12	<REMOVE>
2019/1/30 12:36:15	SCREEN_PLOTTING_PMC2	Parameter/GUI_Plotter/GUI_Plotter	2008/08/27 14:12:12	<REMOVE>
2019/1/30 12:36:15	SCREEN_PMC	Engine/Exec/GUI_Standard2	2007/12/01 00:00:00	<REMOVE>
2019/1/30 12:36:15	SCREEN_PMC_2	Engine/Exec/GUI_Standard2	2007/12/01 00:00:00	<REMOVE>
2019/1/30 12:36:15	CHUCK_CONTROL	FUNCTION/FUNCTION_MODULE_PMC/OBJ_Chuck/Sequence	2016/04/05 15:29:10	<REMOVE>
2019/1/30 12:36:15	CHUCK_POS_UPDATE	FUNCTION/Function_MODULE_PMC/OBJ_Chuck_PosUpdate/Sequence	2014/04/30 19:05:16	<REMOVE>
2019/1/30 13:48:39	PM_SIMULATOR	FUNCTION/FUNCTION_MODULE_SIMULATOR/OBJ_PMSimulator/Sequence	2016/03/10 13:14:44	<NEW>
2019/1/30 17:4:11	==========	==========	==========	==========	==========
2019/1/30 17:4:11	PM_SIMULATOR	FUNCTION/FUNCTION_MODULE_SIMULATOR/OBJ_PMSimulator/Sequence	2016/03/10 13:14:44	<REMOVE>
2019/1/30 17:5:26	ALARM_MANAGER	Engine/Exec/GUI_AlarmManager	2007/12/01 00:00:00	<NEW>	"Gui Alarm Manager 4.6(2009.08.28)"
2019/1/30 17:5:26	ALARM_HISTORY	Engine/Exec/GUI_AlarmHistory	2007/12/01 00:00:00	<NEW>	"Gui Alarm History 3.95(2009.09.04)"
2019/1/30 17:5:26	IO_MANAGER	Function/Function_GUI/Gui_IOManager/GUI_IOManager	2015/01/27 20:18:14	<NEW>	"Gui IO Manager 3.6(2005.05.11)"
2019/1/30 17:5:26	SCREEN_MANAGER_STATUS	Engine/Exec/GUI_Screen_Status2	2007/12/01 00:00:00	<NEW>	"Gui Status(2) 4.81(2009.09.09)"
2019/1/30 17:5:26	SCREEN_USER_CONTROL	Engine/Exec/GUI_Screen_User_Control	2007/12/01 00:00:00	<NEW>	"Gui User Control 3.94(2009.08.01)"
2019/1/30 17:5:26	SCREEN_MANAGER_BOTTOM	Engine/Exec/GUI_Screen_Bottom	2007/12/01 00:00:00	<NEW>	"Gui Bottom 4.81(2009.09.09)"
2019/1/30 17:5:26	SCREEN_MANAGER_RIGHT	Engine/Exec/GUI_Screen_Right	2007/12/01 00:00:00	<NEW>	"Gui Right 4.81(2009.09.09)"
2019/1/30 17:5:26	SCREEN_CLEAR	Engine/Exec/Screen_Clear	2007/12/01 00:00:00	<NEW>	"Gui Clear Generate 3.1(2004.06.29)"
2019/1/30 17:5:26	SCREEN_PLOTTING_PMC	Engine/Exec/GUI_Plotter	2011/12/08 16:28:24	<NEW>	"Gui Plotter 4.4(2011.12.07)"
2019/1/30 17:5:26	SCREEN_PLOTTING_PMC1	Parameter/GUI_Plotter/GUI_Plotter	2008/08/27 14:12:12	<NEW>	"Gui Plotter 4.14(2005.07.19)"
2019/1/30 17:5:26	SCREEN_PLOTTING_PMC2	Parameter/GUI_Plotter/GUI_Plotter	2008/08/27 14:12:12	<NEW>	"Gui Plotter 4.14(2005.07.19)"
2019/1/30 17:5:26	SCREEN_PMC	Engine/Exec/GUI_Standard2	2007/12/01 00:00:00	<NEW>	"Gui Standard 4.81(2009.09.09)"
2019/1/30 17:5:26	SCREEN_PMC_2	Engine/Exec/GUI_Standard2	2007/12/01 00:00:00	<NEW>	"Gui Standard 4.81(2009.09.09)"
2019/1/30 17:5:26	CHUCK_CONTROL	FUNCTION/FUNCTION_MODULE_PMC/OBJ_Chuck/Sequence	2016/04/05 15:29:10	<NEW>
2019/1/30 17:5:26	CHUCK_POS_UPDATE	FUNCTION/Function_MODULE_PMC/OBJ_Chuck_PosUpdate/Sequence	2014/04/30 19:05:16	<NEW>
2019/1/30 17:33:25	==========	==========	==========	==========	==========
2019/1/30 17:33:25	ALARM_MANAGER	Engine/Exec/GUI_AlarmManager	2007/12/01 00:00:00	<REMOVE>
2019/1/30 17:33:25	ALARM_HISTORY	Engine/Exec/GUI_AlarmHistory	2007/12/01 00:00:00	<REMOVE>
2019/1/30 17:33:25	IO_MANAGER	Function/Function_GUI/Gui_IOManager/GUI_IOManager	2015/01/27 20:18:14	<REMOVE>
2019/1/30 17:33:25	SCREEN_MANAGER_STATUS	Engine/Exec/GUI_Screen_Status2	2007/12/01 00:00:00	<REMOVE>
2019/1/30 17:33:25	SCREEN_USER_CONTROL	Engine/Exec/GUI_Screen_User_Control	2007/12/01 00:00:00	<REMOVE>
2019/1/30 17:33:25	SCREEN_MANAGER_BOTTOM	Engine/Exec/GUI_Screen_Bottom	2007/12/01 00:00:00	<REMOVE>
2019/1/30 17:33:25	SCREEN_MANAGER_RIGHT	Engine/Exec/GUI_Screen_Right	2007/12/01 00:00:00	<REMOVE>
2019/1/30 17:33:25	SCREEN_CLEAR	Engine/Exec/Screen_Clear	2007/12/01 00:00:00	<REMOVE>
2019/1/30 17:33:25	SCREEN_PLOTTING_PMC	Engine/Exec/GUI_Plotter	2011/12/08 16:28:24	<REMOVE>
2019/1/30 17:33:25	SCREEN_PLOTTING_PMC1	Parameter/GUI_Plotter/GUI_Plotter	2008/08/27 14:12:12	<REMOVE>
2019/1/30 17:33:25	SCREEN_PLOTTING_PMC2	Parameter/GUI_Plotter/GUI_Plotter	2008/08/27 14:12:12	<REMOVE>
2019/1/30 17:33:25	SCREEN_PMC	Engine/Exec/GUI_Standard2	2007/12/01 00:00:00	<REMOVE>
2019/1/30 17:33:25	SCREEN_PMC_2	Engine/Exec/GUI_Standard2	2007/12/01 00:00:00	<REMOVE>
2019/1/30 17:33:25	CHUCK_CONTROL	FUNCTION/FUNCTION_MODULE_PMC/OBJ_Chuck/Sequence	2016/04/05 15:29:10	<REMOVE>
2019/1/30 17:33:25	CHUCK_POS_UPDATE	FUNCTION/Function_MODULE_PMC/OBJ_Chuck_PosUpdate/Sequence	2014/04/30 19:05:16	<REMOVE>
2019/1/30 17:38:34	PM_SIMULATOR	FUNCTION/FUNCTION_MODULE_SIMULATOR/OBJ_PMSimulator/Sequence	2016/03/10 13:14:44	<NEW>
2019/2/1 16:26:30	==========	==========	==========	==========	==========
2019/2/1 16:26:30	PM_SIMULATOR	FUNCTION/FUNCTION_MODULE_SIMULATOR/OBJ_PMSimulator/Sequence	2016/03/10 13:14:44	<REMOVE>
2019/2/1 16:30:37	ALARM_MANAGER	Engine/Exec/GUI_AlarmManager	2007/12/01 00:00:00	<NEW>	"Gui Alarm Manager 4.6(2009.08.28)"
2019/2/1 16:30:37	ALARM_HISTORY	Engine/Exec/GUI_AlarmHistory	2007/12/01 00:00:00	<NEW>	"Gui Alarm History 3.95(2009.09.04)"
2019/2/1 16:30:37	IO_MANAGER	Function/Function_GUI/Gui_IOManager/GUI_IOManager	2015/01/27 20:18:14	<NEW>	"Gui IO Manager 3.6(2005.05.11)"
2019/2/1 16:30:37	SCREEN_MANAGER_STATUS	Engine/Exec/GUI_Screen_Status2	2007/12/01 00:00:00	<NEW>	"Gui Status(2) 4.81(2009.09.09)"
2019/2/1 16:30:37	SCREEN_USER_CONTROL	Engine/Exec/GUI_Screen_User_Control	2007/12/01 00:00:00	<NEW>	"Gui User Control 3.94(2009.08.01)"
2019/2/1 16:30:37	SCREEN_MANAGER_BOTTOM	Engine/Exec/GUI_Screen_Bottom	2007/12/01 00:00:00	<NEW>	"Gui Bottom 4.81(2009.09.09)"
2019/2/1 16:30:37	SCREEN_MANAGER_RIGHT	Engine/Exec/GUI_Screen_Right	2007/12/01 00:00:00	<NEW>	"Gui Right 4.81(2009.09.09)"
2019/2/1 16:30:37	SCREEN_CLEAR	Engine/Exec/Screen_Clear	2007/12/01 00:00:00	<NEW>	"Gui Clear Generate 3.1(2004.06.29)"
2019/2/1 16:30:37	SCREEN_PLOTTING_PMC	Engine/Exec/GUI_Plotter	2011/12/08 16:28:24	<NEW>	"Gui Plotter 4.4(2011.12.07)"
2019/2/1 16:30:37	SCREEN_PLOTTING_PMC1	Parameter/GUI_Plotter/GUI_Plotter	2008/08/27 14:12:12	<NEW>	"Gui Plotter 4.14(2005.07.19)"
2019/2/1 16:30:37	SCREEN_PLOTTING_PMC2	Parameter/GUI_Plotter/GUI_Plotter	2008/08/27 14:12:12	<NEW>	"Gui Plotter 4.14(2005.07.19)"
2019/2/1 16:30:37	SCREEN_PMC	Engine/Exec/GUI_Standard2	2007/12/01 00:00:00	<NEW>	"Gui Standard 4.81(2009.09.09)"
2019/2/1 16:30:37	SCREEN_PMC_2	Engine/Exec/GUI_Standard2	2007/12/01 00:00:00	<NEW>	"Gui Standard 4.81(2009.09.09)"
2019/2/1 16:30:37	CHUCK_CONTROL	FUNCTION/FUNCTION_MODULE_PMC/OBJ_Chuck/Sequence	2016/04/05 15:29:10	<NEW>
2019/2/1 16:30:37	CHUCK_POS_UPDATE	FUNCTION/Function_MODULE_PMC/OBJ_Chuck_PosUpdate/Sequence	2014/04/30 19:05:16	<NEW>
2019/2/11 18:36:29	==========	==========	==========	==========	==========
2019/2/11 18:36:29	ALARM_MANAGER	Engine/Exec/GUI_AlarmManager	2007/12/01 00:00:00	<REMOVE>
2019/2/11 18:36:29	ALARM_HISTORY	Engine/Exec/GUI_AlarmHistory	2007/12/01 00:00:00	<REMOVE>
2019/2/11 18:36:29	IO_MANAGER	Function/Function_GUI/Gui_IOManager/GUI_IOManager	2015/01/27 20:18:14	<REMOVE>
2019/2/11 18:36:29	SCREEN_MANAGER_STATUS	Engine/Exec/GUI_Screen_Status2	2007/12/01 00:00:00	<REMOVE>
2019/2/11 18:36:29	SCREEN_USER_CONTROL	Engine/Exec/GUI_Screen_User_Control	2007/12/01 00:00:00	<REMOVE>
2019/2/11 18:36:29	SCREEN_MANAGER_BOTTOM	Engine/Exec/GUI_Screen_Bottom	2007/12/01 00:00:00	<REMOVE>
2019/2/11 18:36:29	SCREEN_MANAGER_RIGHT	Engine/Exec/GUI_Screen_Right	2007/12/01 00:00:00	<REMOVE>
2019/2/11 18:36:29	SCREEN_CLEAR	Engine/Exec/Screen_Clear	2007/12/01 00:00:00	<REMOVE>
2019/2/11 18:36:29	SCREEN_PLOTTING_PMC	Engine/Exec/GUI_Plotter	2011/12/08 16:28:24	<REMOVE>
2019/2/11 18:36:29	SCREEN_PLOTTING_PMC1	Parameter/GUI_Plotter/GUI_Plotter	2008/08/27 14:12:12	<REMOVE>
2019/2/11 18:36:29	SCREEN_PLOTTING_PMC2	Parameter/GUI_Plotter/GUI_Plotter	2008/08/27 14:12:12	<REMOVE>
2019/2/11 18:36:29	SCREEN_PMC	Engine/Exec/GUI_Standard2	2007/12/01 00:00:00	<REMOVE>
2019/2/11 18:36:29	SCREEN_PMC_2	Engine/Exec/GUI_Standard2	2007/12/01 00:00:00	<REMOVE>
2019/2/11 18:36:29	CHUCK_CONTROL	FUNCTION/FUNCTION_MODULE_PMC/OBJ_Chuck/Sequence	2016/04/05 15:29:10	<REMOVE>
2019/2/11 18:36:29	CHUCK_POS_UPDATE	FUNCTION/Function_MODULE_PMC/OBJ_Chuck_PosUpdate/Sequence	2014/04/30 19:05:16	<REMOVE>
2019/2/11 19:9:12	CTRL_MONITOR	FUNCTION/FUNCTION_MODULE_PMC/OBJ_CtrlMonitor/Sequence	2019/01/17 15:18:58	<UPDATE>
2019/2/11 19:9:12	VACUUM_CONTROL	FUNCTION/FUNCTION_MODULE_PMC/OBJ_VACUUM/Sequence	2019/02/11 18:27:46	<UPDATE>
2019/2/11 19:9:12	ABORT_GAS	FUNCTION/FUNCTION_MODULE_PMC/OBJ_AbortGas/Sequence	2019/01/03 10:08:42	<UPDATE>
2019/2/11 19:9:12	MFC_CONTROL	FUNCTION/FUNCTION_MODULE_PMC/OBJ_MFCControl/Sequence	2019/01/16 15:33:20	<UPDATE>
2019/2/11 19:9:12	PM_SIMULATOR	FUNCTION/FUNCTION_MODULE_SIMULATOR/OBJ_PMSimulator/Sequence	2016/03/10 13:14:44	<NEW>
2019/2/11 19:9:12	TMC_PM_ABORT_GAS	FUNCTION/FUNCTION_MODULE_PMC/OBJ_AbortGas/Sequence	2019/01/03 10:08:42	<UPDATE>
2019/3/7 19:10:38	==========	==========	==========	==========	==========
2019/3/7 19:10:38	VACUUM_CONTROL	FUNCTION/FUNCTION_MODULE_PMC/OBJ_VACUUM/Sequence	2019/03/06 16:56:46	<UPDATE>
2019/3/7 19:10:38	PM_SIMULATOR	FUNCTION/FUNCTION_MODULE_SIMULATOR/OBJ_PMSimulator/Sequence	2019/03/07 14:56:46	<UPDATE>
2019/3/8 17:16:49	==========	==========	==========	==========	==========
2019/3/8 17:16:49	ALARM_MANAGER	Engine/Exec/GUI_AlarmManager	2007/12/01 00:00:00	<NEW>	"Gui Alarm Manager 4.6(2009.08.28)"
2019/3/8 17:16:49	ALARM_HISTORY	Engine/Exec/GUI_AlarmHistory	2007/12/01 00:00:00	<NEW>	"Gui Alarm History 3.95(2009.09.04)"
2019/3/8 17:16:49	IO_MANAGER	Function/Function_GUI/Gui_IOManager/GUI_IOManager	2015/01/27 20:18:14	<NEW>	"Gui IO Manager 3.6(2005.05.11)"
2019/3/8 17:16:50	SCREEN_MANAGER_STATUS	Engine/Exec/GUI_Screen_Status2	2007/12/01 00:00:00	<NEW>	"Gui Status(2) 4.81(2009.09.09)"
2019/3/8 17:16:50	SCREEN_USER_CONTROL	Engine/Exec/GUI_Screen_User_Control	2007/12/01 00:00:00	<NEW>	"Gui User Control 3.94(2009.08.01)"
2019/3/8 17:16:50	SCREEN_MANAGER_BOTTOM	Engine/Exec/GUI_Screen_Bottom	2007/12/01 00:00:00	<NEW>	"Gui Bottom 4.81(2009.09.09)"
2019/3/8 17:16:50	SCREEN_MANAGER_RIGHT	Engine/Exec/GUI_Screen_Right	2007/12/01 00:00:00	<NEW>	"Gui Right 4.81(2009.09.09)"
2019/3/8 17:16:50	SCREEN_CLEAR	Engine/Exec/Screen_Clear	2007/12/01 00:00:00	<NEW>	"Gui Clear Generate 3.1(2004.06.29)"
2019/3/8 17:16:51	SCREEN_PLOTTING_PMC	Engine/Exec/GUI_Plotter	2011/12/08 16:28:24	<NEW>	"Gui Plotter 4.4(2011.12.07)"
2019/3/8 17:16:51	SCREEN_PLOTTING_PMC1	Parameter/GUI_Plotter/GUI_Plotter	2008/08/27 14:12:12	<NEW>	"Gui Plotter 4.14(2005.07.19)"
2019/3/8 17:16:51	SCREEN_PLOTTING_PMC2	Parameter/GUI_Plotter/GUI_Plotter	2008/08/27 14:12:12	<NEW>	"Gui Plotter 4.14(2005.07.19)"
2019/3/8 17:16:51	SCREEN_PMC	Engine/Exec/GUI_Standard2	2007/12/01 00:00:00	<NEW>	"Gui Standard 4.81(2009.09.09)"
2019/3/8 17:16:51	SCREEN_PMC_2	Engine/Exec/GUI_Standard2	2007/12/01 00:00:00	<NEW>	"Gui Standard 4.81(2009.09.09)"
2019/3/18 19:10:10	==========	==========	==========	==========	==========
2019/3/18 19:10:10	CTRL_MONITOR	FUNCTION/FUNCTION_MODULE_PMC/OBJ_CtrlMonitor/Sequence	2019/03/15 14:22:50	<UPDATE>
2019/3/18 19:10:10	MFC_CONTROL	FUNCTION/FUNCTION_MODULE_PMC/OBJ_MFCControl/Sequence	2019/03/15 14:34:12	<UPDATE>
2019/3/19 14:14:25	==========	==========	==========	==========	==========
2019/3/19 14:14:25	CTRL_MONITOR	FUNCTION/FUNCTION_MODULE_PMC/OBJ_CtrlMonitor/Sequence	2019/03/19 11:03:11	<UPDATE>
2019/3/20 14:30:53	==========	==========	==========	==========	==========
2019/3/20 14:30:53	ALARM_MANAGER	Engine/Exec/GUI_AlarmManager	2007/12/01 00:00:00	<REMOVE>
2019/3/20 14:30:53	ALARM_HISTORY	Engine/Exec/GUI_AlarmHistory	2007/12/01 00:00:00	<REMOVE>
2019/3/20 14:30:53	IO_MANAGER	Function/Function_GUI/Gui_IOManager/GUI_IOManager	2015/01/27 20:18:14	<REMOVE>
2019/3/20 14:30:53	SCREEN_MANAGER_STATUS	Engine/Exec/GUI_Screen_Status2	2007/12/01 00:00:00	<REMOVE>
2019/3/20 14:30:53	SCREEN_USER_CONTROL	Engine/Exec/GUI_Screen_User_Control	2007/12/01 00:00:00	<REMOVE>
2019/3/20 14:30:53	SCREEN_MANAGER_BOTTOM	Engine/Exec/GUI_Screen_Bottom	2007/12/01 00:00:00	<REMOVE>
2019/3/20 14:30:53	SCREEN_MANAGER_RIGHT	Engine/Exec/GUI_Screen_Right	2007/12/01 00:00:00	<REMOVE>
2019/3/20 14:30:53	SCREEN_CLEAR	Engine/Exec/Screen_Clear	2007/12/01 00:00:00	<REMOVE>
2019/3/20 14:30:53	SCREEN_PLOTTING_PMC	Engine/Exec/GUI_Plotter	2011/12/08 16:28:24	<REMOVE>
2019/3/20 14:30:53	SCREEN_PLOTTING_PMC1	Parameter/GUI_Plotter/GUI_Plotter	2008/08/27 14:12:12	<REMOVE>
2019/3/20 14:30:53	SCREEN_PLOTTING_PMC2	Parameter/GUI_Plotter/GUI_Plotter	2008/08/27 14:12:12	<REMOVE>
2019/3/20 14:30:53	SCREEN_PMC	Engine/Exec/GUI_Standard2	2007/12/01 00:00:00	<REMOVE>
2019/3/20 14:30:53	SCREEN_PMC_2	Engine/Exec/GUI_Standard2	2007/12/01 00:00:00	<REMOVE>
2019/3/20 14:37:45	CTRL_MONITOR	FUNCTION/FUNCTION_MODULE_PMC/OBJ_CtrlMonitor/Sequence	2019/03/20 14:30:16	<UPDATE>
2019/3/20 17:3:40	CTRL_MONITOR	FUNCTION/FUNCTION_MODULE_PMC/OBJ_CtrlMonitor/Sequence	2019/03/20 14:37:39	<UPDATE>
2019/3/20 17:3:40	PM_SIMULATOR	FUNCTION/FUNCTION_MODULE_SIMULATOR/OBJ_PMSimulator/Sequence	2019/03/20 17:03:22	<UPDATE>
2019/11/5 16:41:18	==========	==========	==========	==========	==========
2019/11/5 16:41:18	CTRL_MONITOR	FUNCTION/FUNCTION_MODULE_PMC/OBJ_CtrlMonitor/Sequence	2019/04/08 12:45:18	<UPDATE>
2019/11/5 16:41:18	VACUUM_CONTROL	FUNCTION/FUNCTION_MODULE_PMC/OBJ_VACUUM/Sequence	2019/09/26 09:18:50	<UPDATE>
2019/11/5 16:41:18	HTR_CONTROL	FUNCTION/FUNCTION_MODULE_PMC/OBJ_HeaterControl/Sequence	2019/10/24 14:41:35	<UPDATE>
2019/11/5 16:41:18	ALDIOMon	FUNCTION/FUNCTION_MODULE_PMC/OBJ_ALDValveCnt/Sequence	2019/04/15 15:00:34	<UPDATE>
2019/11/5 16:41:18	PM_SIMULATOR	FUNCTION/FUNCTION_MODULE_SIMULATOR/OBJ_PMSimulator/Sequence	2019/03/20 17:03:24	<UPDATE>
2019/11/5 16:41:18	PROCESS_IN	FUNCTION/FUNCTION_MODULE_PMC/OBJ_Process/Sequence	2019/05/10 19:14:16	<UPDATE>
2019/11/5 16:41:18	PROCESS_OUT	FUNCTION/FUNCTION_MODULE_PMC/OBJ_Process/Sequence	2019/05/10 19:14:16	<UPDATE>
2019/11/5 16:41:18	M_PROCESS	FUNCTION/FUNCTION_MODULE_PMC/OBJ_Process/Sequence	2019/05/10 19:14:16	<UPDATE>
2019/12/24 12:49:58	==========	==========	==========	==========	==========
2019/12/24 12:49:58	ALARM_MANAGER	Engine/Exec/GUI_AlarmManager	2007/12/01 00:00:00	<NEW>	"Gui Alarm Manager 4.6(2009.08.28)"
2019/12/24 12:49:58	ALARM_HISTORY	Engine/Exec/GUI_AlarmHistory	2007/12/01 00:00:00	<NEW>	"Gui Alarm History 3.95(2009.09.04)"
2019/12/24 12:49:58	IO_MANAGER	Function/Function_GUI/Gui_IOManager/GUI_IOManager	2019/11/04 13:38:05	<NEW>	"Gui IO Manager 3.6(2005.05.11)"
2019/12/24 12:49:58	SCREEN_MANAGER_STATUS	Engine/Exec/GUI_Screen_Status2	2007/12/01 00:00:00	<NEW>	"Gui Status(2) 4.81(2009.09.09)"
2019/12/24 12:49:58	SCREEN_USER_CONTROL	Engine/Exec/GUI_Screen_User_Control	2007/12/01 00:00:00	<NEW>	"Gui User Control 3.94(2009.08.01)"
2019/12/24 12:49:58	SCREEN_MANAGER_BOTTOM	Engine/Exec/GUI_Screen_Bottom	2007/12/01 00:00:00	<NEW>	"Gui Bottom 4.81(2009.09.09)"
2019/12/24 12:49:58	SCREEN_MANAGER_RIGHT	Engine/Exec/GUI_Screen_Right	2007/12/01 00:00:00	<NEW>	"Gui Right 4.81(2009.09.09)"
2019/12/24 12:49:58	SCREEN_CLEAR	Engine/Exec/Screen_Clear	2007/12/01 00:00:00	<NEW>	"Gui Clear Generate 3.1(2004.06.29)"
2019/12/24 12:49:58	SCREEN_PLOTTING_PMC	Engine/Exec/GUI_Plotter	2011/12/08 16:28:24	<NEW>	"Gui Plotter 4.4(2011.12.07)"
2019/12/24 12:49:58	SCREEN_PLOTTING_PMC1	Parameter/GUI_Plotter/GUI_Plotter	2008/08/27 14:12:12	<NEW>	"Gui Plotter 4.14(2005.07.19)"
2019/12/24 12:49:58	SCREEN_PLOTTING_PMC2	Parameter/GUI_Plotter/GUI_Plotter	2008/08/27 14:12:12	<NEW>	"Gui Plotter 4.14(2005.07.19)"
2019/12/24 12:49:58	SCREEN_PMC	Engine/Exec/GUI_Standard2	2007/12/01 00:00:00	<NEW>	"Gui Standard 4.81(2009.09.09)"
2019/12/24 12:49:58	SCREEN_PMC_2	Engine/Exec/GUI_Standard2	2007/12/01 00:00:00	<NEW>	"Gui Standard 4.81(2009.09.09)"
2019/12/24 12:54:1	==========	==========	==========	==========	==========
2019/12/24 12:54:1	SCREEN_HEATER_SET	Engine/Exec/GUI_Standard2	2007/12/01 00:00:00	<NEW>	"Gui Standard 4.81(2009.09.09)"
2020/1/14 16:48:13	==========	==========	==========	==========	==========
2020/1/14 16:48:13	HTR_POW_MON	FUNCTION/FUNCTION_MODULE_PMC/OBJ_HeaterPowCheck/Sequence	2020/01/14 15:12:08	<NEW>
2020/1/14 17:56:10	==========	==========	==========	==========	==========
2020/1/14 17:56:10	HTR_POW_MON	FUNCTION/FUNCTION_MODULE_PMC/OBJ_HeaterPowCheck/Sequence	2020/01/14 17:53:24	<UPDATE>
2020/1/14 18:17:25	HTR_POW_MON	FUNCTION/FUNCTION_MODULE_PMC/OBJ_HeaterPowCheck/Sequence	2020/01/14 17:56:03	<UPDATE>
2020/1/14 18:32:37	HTR_POW_MON	FUNCTION/FUNCTION_MODULE_PMC/OBJ_HeaterPowCheck/Sequence	2020/01/14 18:04:49	<UPDATE>
2020/1/20 17:38:12	==========	==========	==========	==========	==========
2020/1/20 17:38:12	CTRL_MONITOR	FUNCTION/FUNCTION_MODULE_PMC/OBJ_CtrlMonitor/Sequence	2020/01/20 14:32:08	<UPDATE>
2020/1/20 17:38:12	VACUUM_CONTROL	FUNCTION/FUNCTION_MODULE_PMC/OBJ_VACUUM/Sequence	2020/01/20 14:55:39	<UPDATE>
2020/1/20 17:38:12	HTR_POW_MON	FUNCTION/FUNCTION_MODULE_PMC/OBJ_HeaterPowCheck/Sequence	2020/01/14 18:32:48	<UPDATE>
2020/1/22 13:43:29	==========	==========	==========	==========	==========
2020/1/22 13:43:29	VACUUM_CONTROL	FUNCTION/FUNCTION_MODULE_PMC/OBJ_VACUUM/Sequence	2020/01/22 13:41:21	<UPDATE>
2020/1/22 14:5:33	==========	==========	==========	==========	==========
2020/1/22 14:5:33	VACUUM_CONTROL	FUNCTION/FUNCTION_MODULE_PMC/OBJ_VACUUM/Sequence	2020/01/22 13:52:47	<UPDATE>
2020/1/22 14:15:58	VACUUM_CONTROL	FUNCTION/FUNCTION_MODULE_PMC/OBJ_VACUUM/Sequence	2020/01/22 14:05:25	<UPDATE>
2020/1/22 14:30:58	VACUUM_CONTROL	FUNCTION/FUNCTION_MODULE_PMC/OBJ_VACUUM/Sequence	2020/01/22 14:15:52	<UPDATE>
2020/1/22 14:32:37	VACUUM_CONTROL	FUNCTION/FUNCTION_MODULE_PMC/OBJ_VACUUM/Sequence	2020/01/22 14:30:53	<UPDATE>
2020/1/22 15:2:53	VACUUM_CONTROL	FUNCTION/FUNCTION_MODULE_PMC/OBJ_VACUUM/Sequence	2020/01/22 14:32:29	<UPDATE>
2020/1/22 15:6:53	VACUUM_CONTROL	FUNCTION/FUNCTION_MODULE_PMC/OBJ_VACUUM/Sequence	2020/01/22 15:02:47	<UPDATE>
2020/1/22 15:14:54	VACUUM_CONTROL	FUNCTION/FUNCTION_MODULE_PMC/OBJ_VACUUM/Sequence	2020/01/22 15:06:45	<UPDATE>
2020/1/22 15:21:0	VACUUM_CONTROL	FUNCTION/FUNCTION_MODULE_PMC/OBJ_VACUUM/Sequence	2020/01/22 15:14:49	<UPDATE>
2020/1/22 15:35:9	VACUUM_CONTROL	FUNCTION/FUNCTION_MODULE_PMC/OBJ_VACUUM/Sequence	2020/01/22 15:20:54	<UPDATE>
2020/1/22 15:42:45	==========	==========	==========	==========	==========
2020/1/22 15:42:45	VACUUM_CONTROL	FUNCTION/FUNCTION_MODULE_PMC/OBJ_VACUUM/Sequence	2020/01/22 15:35:20	<UPDATE>
2020/1/22 15:54:29	VACUUM_CONTROL	FUNCTION/FUNCTION_MODULE_PMC/OBJ_VACUUM/Sequence	2020/01/22 15:42:39	<UPDATE>
2020/1/22 15:57:6	==========	==========	==========	==========	==========
2020/1/22 15:57:6	VACUUM_CONTROL	FUNCTION/FUNCTION_MODULE_PMC/OBJ_VACUUM/Sequence	2020/01/22 15:54:56	<UPDATE>
2020/1/22 16:20:15	VACUUM_CONTROL	FUNCTION/FUNCTION_MODULE_PMC/OBJ_VACUUM/Sequence	2020/01/22 15:56:52	<UPDATE>
2020/1/22 16:21:50	VACUUM_CONTROL	FUNCTION/FUNCTION_MODULE_PMC/OBJ_VACUUM/Sequence	2020/01/22 16:20:08	<UPDATE>
2020/1/22 16:47:45	VACUUM_CONTROL	FUNCTION/FUNCTION_MODULE_PMC/OBJ_VACUUM/Sequence	2020/01/22 16:21:45	<UPDATE>
2020/1/22 16:51:22	VACUUM_CONTROL	FUNCTION/FUNCTION_MODULE_PMC/OBJ_VACUUM/Sequence	2020/01/22 16:47:41	<UPDATE>
2020/1/25 18:44:10	==========	==========	==========	==========	==========
2020/1/25 18:44:10	PMC_EVENT_LOG_CLI	FUNCTION/FUNCTION_MODULE_CTC/OBJ_EventLogClient/Sequence	2020/01/25 10:43:08	<UPDATE>
2020/1/25 18:44:10	MFC_EVENT_CONTROL	FUNCTION/FUNCTION_MODULE_CTC/OBJ_MFC_Event/Sequence	2020/01/25 10:43:08	<UPDATE>
2020/1/25 18:44:10	PM_INT_MONITOR	FUNCTION/FUNCTION_INT_Monitor/Sequence	2020/01/25 10:43:08	<UPDATE>
2020/1/25 18:44:10	ALARM_MANAGER	Engine/Exec/GUI_AlarmManager	2020/01/25 10:43:00	<UPDATE>	"Gui Alarm Manager 4.6(2009.08.28)"
2020/1/25 18:44:10	ALARM_HISTORY	Engine/Exec/GUI_AlarmHistory	2020/01/25 10:43:00	<UPDATE>	"Gui Alarm History 3.95(2009.09.04)"
2020/1/25 18:44:11	IO_MANAGER	Function/Function_GUI/Gui_IOManager/GUI_IOManager	2020/01/25 10:43:07	<UPDATE>	"Gui IO Manager 3.6(2005.05.11)"
2020/1/25 18:44:11	SCREEN_MANAGER_STATUS	Engine/Exec/GUI_Screen_Status2	2020/01/25 10:43:01	<UPDATE>	"Gui Status(2) 4.81(2009.09.09)"
2020/1/25 18:44:11	SCREEN_USER_CONTROL	Engine/Exec/GUI_Screen_User_Control	2020/01/25 10:43:01	<UPDATE>	"Gui User Control 3.94(2009.08.01)"
2020/1/25 18:44:11	SCREEN_MANAGER_BOTTOM	Engine/Exec/GUI_Screen_Bottom	2020/01/25 10:43:01	<UPDATE>	"Gui Bottom 4.81(2009.09.09)"
2020/1/25 18:44:11	SCREEN_MANAGER_RIGHT	Engine/Exec/GUI_Screen_Right	2020/01/25 10:43:01	<UPDATE>	"Gui Right 4.81(2009.09.09)"
2020/1/25 18:44:11	SCREEN_CLEAR	Engine/Exec/Screen_Clear	2020/01/25 10:43:05	<UPDATE>	"Gui Clear Generate 3.1(2004.06.29)"
2020/1/25 18:44:11	SCREEN_PLOTTING_PMC	Engine/Exec/GUI_Plotter	2020/01/25 10:43:02	<UPDATE>	"Gui Plotter 4.4(2011.12.07)"
2020/1/25 18:44:11	SCREEN_PLOTTING_PMC1	Parameter/GUI_Plotter/GUI_Plotter	2020/01/25 10:43:21	<UPDATE>	"Gui Plotter 4.14(2005.07.19)"
2020/1/25 18:44:11	SCREEN_PLOTTING_PMC2	Parameter/GUI_Plotter/GUI_Plotter	2020/01/25 10:43:21	<UPDATE>	"Gui Plotter 4.14(2005.07.19)"
2020/1/25 18:44:11	SCREEN_PMC	Engine/Exec/GUI_Standard2	2020/01/25 10:43:01	<UPDATE>	"Gui Standard 4.81(2009.09.09)"
2020/1/25 18:44:11	SCREEN_PMC_2	Engine/Exec/GUI_Standard2	2020/01/25 10:43:01	<UPDATE>	"Gui Standard 4.81(2009.09.09)"
2020/1/25 18:44:11	SCREEN_PARM_SAVE	Engine/Exec/GUI_Standard2	2020/01/25 10:43:01	<UPDATE>	"Gui Standard 4.81(2009.09.09)"
2020/1/25 18:44:11	SCREEN_HEATER_SET	Engine/Exec/GUI_Standard2	2020/01/25 10:43:01	<UPDATE>	"Gui Standard 4.81(2009.09.09)"
2020/1/25 18:44:11	SERV_MAIN	Engine/exec/MsgConverter	2020/01/25 10:43:02	<UPDATE>	"MessageConverter 3.4(2008.04.04)"
2020/1/25 18:44:11	GAS_CAL_CONTROL	FUNCTION/Function_MODULE_PMC/OBJ_Gas_Calibration/Sequence	2020/01/25 10:43:09	<UPDATE>
2020/1/25 18:44:11	CTRL_MONITOR	FUNCTION/FUNCTION_MODULE_PMC/OBJ_CtrlMonitor/Sequence	2020/01/25 10:43:09	<UPDATE>
2020/1/25 18:44:11	HB_CONTROL	FUNCTION/FUNCTION_MODULE_PMC/OBJ_HeartBeatCtrl/Sequence	2020/01/25 10:43:09	<UPDATE>
2020/1/25 18:44:11	PERSIST_IO_CONTROL	FUNCTION/FUNCTION_MODULE_PMC/OBJ_PersistIO/Sequence	2020/01/25 10:43:10	<UPDATE>
2020/1/25 18:44:11	IO_MONITOR	FUNCTION/FUNCTION_MODULE_PMC/OBJ_IOMonitor/Sequence	2020/01/25 10:43:09	<UPDATE>
2020/1/25 18:44:11	PLC_ALARM_MONITOR	FUNCTION/FUNCTION_MODULE_PMC/OBJ_PLCAlarmMonitor/Sequence	2020/01/25 10:43:10	<UPDATE>
2020/1/25 18:44:11	RECIPE_CONTROL	Engine/exec/RcpHandler	2020/01/25 10:43:03	<UPDATE>	"RecipeHandler 3.6(2006.04.14)"
2020/1/25 18:44:11	VACUUM_CONTROL	FUNCTION/FUNCTION_MODULE_PMC/OBJ_VACUUM/Sequence	2020/01/25 10:43:11	<UPDATE>
2020/1/25 18:44:11	ABORT_GAS	FUNCTION/FUNCTION_MODULE_PMC/OBJ_AbortGas/Sequence	2020/01/25 10:43:09	<UPDATE>
2020/1/25 18:44:11	PROCBGRUN_CONTROL	FUNCTION/FUNCTION_MODULE_PMC/OBJ_ProcBackgroundRun/Sequence	2020/01/25 10:43:10	<UPDATE>
2020/1/25 18:44:11	HTR_MONITOR	FUNCTION/FUNCTION_MODULE_PMC/OBJ_HeaterMonitor/Sequence	2020/01/25 10:43:09	<UPDATE>
2020/1/25 18:44:11	HTR_CONTROL	FUNCTION/FUNCTION_MODULE_PMC/OBJ_HeaterControl/Sequence	2020/01/25 10:43:09	<UPDATE>
2020/1/25 18:44:11	HTR_POW_MON	FUNCTION/FUNCTION_MODULE_PMC/OBJ_HeaterPowCheck/Sequence	2020/01/25 10:43:09	<UPDATE>
2020/1/25 18:44:11	STGHTR_MONITOR	FUNCTION/FUNCTION_MODULE_PMC/OBJ_StgHtrMonitor/Sequence	2020/01/25 10:43:11	<UPDATE>
2020/1/25 18:44:11	STGHTR_MONITOR2	FUNCTION/FUNCTION_MODULE_PMC/OBJ_StgHtrMonitor/Sequence	2020/01/25 10:43:11	<UPDATE>
2020/1/25 18:44:11	STGHTR_CONTROL	FUNCTION/FUNCTION_MODULE_PMC/OBJ_StgHtrControl/Sequence	2020/01/25 10:43:11	<UPDATE>
2020/1/25 18:44:11	STGHTR_CONTROL2	FUNCTION/FUNCTION_MODULE_PMC/OBJ_StgHtrControl/Sequence	2020/01/25 10:43:11	<UPDATE>
2020/1/25 18:44:11	TIME_MONITOR	FUNCTION/FUNCTION_MODULE_PMC/OBJ_TimeMonitor/Sequence	2020/01/25 10:43:11	<UPDATE>
2020/1/25 18:44:11	ABORT_PROCESS_PMC	FUNCTION/FUNCTION_MODULE_PMC/OBJ_AbortProcess/Sequence	2020/01/25 10:43:09	<UPDATE>
2020/1/25 18:44:11	VALVE_CONTROL	FUNCTION/FUNCTION_MODULE_PMC/OBJ_ValveControl/Sequence	2020/01/25 10:43:11	<UPDATE>
2020/1/25 18:44:11	MFC_CONTROL	FUNCTION/FUNCTION_MODULE_PMC/OBJ_MFCControl/Sequence	2020/01/25 10:43:09	<UPDATE>
2020/1/25 18:44:11	RF_CONTROL	FUNCTION/FUNCTION_MODULE_PMC/OBJ_RFControl/Sequence	2020/01/25 10:43:10	<UPDATE>
2020/1/25 18:44:11	RF_CONTROL2	FUNCTION/FUNCTION_MODULE_PMC/OBJ_RFControl2/Sequence	2020/01/25 10:43:10	<UPDATE>
2020/1/25 18:44:11	RF_COUNT_MONITOR	FUNCTION/FUNCTION_MODULE_PMC/OBJ_RFCountMonitor/Sequence	2020/01/25 10:43:10	<UPDATE>
2020/1/25 18:44:11	REFILL_CONTROL	FUNCTION/FUNCTION_MODULE_PMC/OBJ_AutoRefill/Sequence	2020/01/25 10:43:09	<UPDATE>
2020/1/25 18:44:11	PRESS_CONTROL	FUNCTION/FUNCTION_MODULE_PMC/OBJ_Pressure_MKS/Sequence	2020/01/25 10:43:10	<UPDATE>
2020/1/25 18:44:11	PRS_CONTROL	FUNCTION/FUNCTION_MODULE_PMC/OBJ_PressureControl/Sequence	2020/01/25 10:43:10	<UPDATE>
2020/1/25 18:44:11	PRS_MONITOR	FUNCTION/FUNCTION_MODULE_PMC/OBJ_PressureMonitor/Sequence	2020/01/25 10:43:10	<UPDATE>
2020/1/25 18:44:11	HT_ExchgControl	FUNCTION/FUNCTION_MODULE_PMC/OBJ_HeatExchangerCon/Sequence	2020/01/25 10:43:09	<UPDATE>
2020/1/25 18:44:11	MFCPrsMonitor	FUNCTION/FUNCTION_MODULE_PMC/OBJ_MFCPrsMonitor/Sequence	2020/01/25 10:43:10	<UPDATE>
2020/1/25 18:44:11	ALDIOMon	FUNCTION/FUNCTION_MODULE_PMC/OBJ_ALDValveCnt/Sequence	2020/01/25 10:43:08	<UPDATE>
2020/1/25 18:44:11	LOTPRE_SKIP_TIMER	FUNCTION/FUNCTION_MODULE_PMC/OBJ_LotPreSkipTimer/Sequence	2020/01/25 10:43:09	<UPDATE>
2020/1/25 18:44:11	MFC_FLOWTEST	FUNCTION/Function_MODULE_PMC/OBJ_MFCFlowTest/Sequence	2020/01/25 10:43:10	<UPDATE>
2020/1/25 18:44:11	ALD_VLV_CTRL	FUNCTION/Function_MODULE_PMC/OBJ_ALDVlvControl/Sequence	2020/01/25 10:43:08	<UPDATE>
2020/1/25 18:44:11	RF_MAT_PARAM_MON	FUNCTION/Function_MODULE_PMC/OBJ_RF_MAT_ParamMon/Sequence	2020/01/25 10:43:10	<UPDATE>
2020/1/25 18:44:11	OBJ_Alarm_Clear	FUNCTION/Function_MODULE_PMC/OBJ_Alarm_Clear/Sequence	2020/01/25 10:43:09	<UPDATE>
2020/1/25 18:44:11	PM_SIMULATOR	FUNCTION/FUNCTION_MODULE_SIMULATOR/OBJ_PMSimulator/Sequence	2020/01/25 10:43:11	<UPDATE>
2020/1/25 18:44:11	READY	Engine/EXEC/MsgReplacer	2020/01/25 10:43:02	<UPDATE>	"MessageReplacer 3.41(2007.01.02)"
2020/1/25 18:44:11	END	Engine/EXEC/MsgReplacer	2020/01/25 10:43:02	<UPDATE>	"MessageReplacer 3.41(2007.01.02)"
2020/1/25 18:44:11	PREPARE_SEND	Engine/EXEC/MsgReplacer	2020/01/25 10:43:02	<UPDATE>	"MessageReplacer 3.41(2007.01.02)"
2020/1/25 18:44:11	POST_SEND	Engine/EXEC/MsgReplacer	2020/01/25 10:43:02	<UPDATE>	"MessageReplacer 3.41(2007.01.02)"
2020/1/25 18:44:11	PREPARE_RECV	Engine/EXEC/MsgReplacer	2020/01/25 10:43:02	<UPDATE>	"MessageReplacer 3.41(2007.01.02)"
2020/1/25 18:44:11	POST_RECV	Engine/EXEC/MsgReplacer	2020/01/25 10:43:02	<UPDATE>	"MessageReplacer 3.41(2007.01.02)"
2020/1/25 18:44:11	PREPARE_PICK	Engine/EXEC/MsgReplacer	2020/01/25 10:43:02	<UPDATE>	"MessageReplacer 3.41(2007.01.02)"
2020/1/25 18:44:11	WAFER_PICK	Engine/EXEC/MsgReplacer	2020/01/25 10:43:02	<UPDATE>	"MessageReplacer 3.41(2007.01.02)"
2020/1/25 18:44:11	PREPARE_PLACE	Engine/EXEC/MsgReplacer	2020/01/25 10:43:02	<UPDATE>	"MessageReplacer 3.41(2007.01.02)"
2020/1/25 18:44:11	WAFER_PLACE	Engine/EXEC/MsgReplacer	2020/01/25 10:43:02	<UPDATE>	"MessageReplacer 3.41(2007.01.02)"
2020/1/25 18:44:11	PROCESS_IN	FUNCTION/FUNCTION_MODULE_PMC/OBJ_Process/Sequence	2020/01/25 10:43:10	<UPDATE>
2020/1/25 18:44:11	PROCESS_OUT	FUNCTION/FUNCTION_MODULE_PMC/OBJ_Process/Sequence	2020/01/25 10:43:10	<UPDATE>
2020/1/25 18:44:11	M_PROCESS	FUNCTION/FUNCTION_MODULE_PMC/OBJ_Process/Sequence	2020/01/25 10:43:10	<UPDATE>
2020/1/25 18:44:11	PROCESS_LOG	Engine/EXEC/Datalog	2020/01/25 10:43:00	<UPDATE>	"Datalog for Scheduler 3.99(2014.10.28)"
2020/1/25 18:44:11	TMC_PM_ABORT_GAS	FUNCTION/FUNCTION_MODULE_PMC/OBJ_AbortGas/Sequence	2020/01/25 10:43:09	<UPDATE>
